<?xml version="1.0" encoding="UTF-8"?>
<testsuite name="Scenario: Verify a new user can register with a valid email address" time="19.074" tests="30" errors="0" skipped="0" failures="0">
  <properties>
[...]
</properties>
  <testcase name="Given I am on home page" classname="Scenario: Verify auto complete search result" time="0.226"/>
  <testcase name="When I search on top search bar with text &quot;ios&quot;" classname="Scenario: Verify auto complete search result" time="0"/>
  <testcase name="Then I verify &quot;Title: I will teach you IOS&quot; as displayed result" classname="Scenario: Verify auto complete search result" time="0"/>
  <testcase name="Scenario: Verify auto complete search result" classname="Scenario: Verify auto complete search result" time="3.148"/>
  <testcase name="Given I am on the Registration page" classname="| test.com |" time="0.002"/>
  <testcase name="When I enter name as &quot;test user&quot; email as test.com password as &quot;test12345&quot;" classname="| test.com |" time="0"/>
  <testcase name="And I click on &apos;submit&apos; button" classname="| test.com |" time="0"/>
  <testcase name="Then I verify invalid email address" classname="| test.com |" time="0.001"/>
  <testcase name="| test.com |" classname="| test.com |" time="3.095"/>
  <testcase name="Given I am on the Registration page" classname="| test@test@test.com |" time="0.002"/>
  <testcase name="When I enter name as &quot;test user&quot; email as test@test@test.com password as &quot;test12345&quot;" classname="| test@test@test.com |" time="0"/>
  <testcase name="And I click on &apos;submit&apos; button" classname="| test@test@test.com |" time="0.001"/>
  <testcase name="Then I verify invalid email address" classname="| test@test@test.com |" time="0"/>
  <testcase name="| test@test@test.com |" classname="| test@test@test.com |" time="3.143"/>
  <testcase name="Given User is on the Threely login page" classname="Scenario: Verify valid login" time="0.002"/>
  <testcase name="When I enter username as “n12345@test.com” and password as “123456”" classname="Scenario: Verify valid login" time="0"/>
  <testcase name="And I click on submit button" classname="Scenario: Verify valid login" time="0"/>
  <testcase name="Then I verify logout button is displayed" classname="Scenario: Verify valid login" time="0.001"/>
  <testcase name="Scenario: Verify valid login" classname="Scenario: Verify valid login" time="3.148"/>
  <testcase name="Given I am on home page of Threely" classname="Scenario: Verify total number of posts on home page" time="0.001"/>
  <testcase name="Then I verify 57 total post is displayed" classname="Scenario: Verify total number of posts on home page" time="0"/>
  <testcase name="And I verify all post has price tag" classname="Scenario: Verify total number of posts on home page" time="0"/>
  <testcase name="And I verify all post has title" classname="Scenario: Verify total number of posts on home page" time="0.001"/>
  <testcase name="And I verify all post has displayed image" classname="Scenario: Verify total number of posts on home page" time="0"/>
  <testcase name="Scenario: Verify total number of posts on home page" classname="Scenario: Verify total number of posts on home page" time="3.153"/>
  <testcase name="Given I am on Registration page" classname="Scenario: Verify a new user can register with a valid email address" time="0.001"/>
  <testcase name="When I enter the name as &quot;testuser&quot; email as &quot;test@test.com&quot; password as &quot;test12345&quot;" classname="Scenario: Verify a new user can register with a valid email address" time="0"/>
  <testcase name="And I click &apos;submit&apos; button" classname="Scenario: Verify a new user can register with a valid email address" time="0"/>
  <testcase name="Then I am signed-in as a new user" classname="Scenario: Verify a new user can register with a valid email address" time="0"/>
  <testcase name="Scenario: Verify a new user can register with a valid email address" classname="Scenario: Verify a new user can register with a valid email address" time="3.149"/>
</testsuite>